C:\Program Files (x86)\Microsoft Visual Studio\2019\Community\MSBuild\Microsoft\VC\v160\Microsoft.CppBuild.targets(438,5): warning MSB8004: Output Directory does not end with a trailing slash.  This build instance will add the slash as it is required to allow proper evaluation of the Output Directory.
  AODV.c
D:\New\Secure_AODV_Project_v12.1\Secure_AODV_Workspace\src\Simulation\AODV\AODV.c(129,44): warning C4013:  'fn_NetSim_AODV_MaliciousRouteAddToTable' undefined; assuming extern returning int
D:\New\Secure_AODV_Project_v12.1\Secure_AODV_Workspace\src\Simulation\AODV\AODV.c(152,53): warning C4013:  'fn_NetSim_AODV_MaliciousProcessSourceRouteOption' undefined; assuming extern returning int
D:\New\Secure_AODV_Project_v12.1\Secure_AODV_Workspace\src\Simulation\AODV\AODV.c(233,31): warning C4090:  'function': different 'const' qualifiers
  AODV_CheckRouteFound.c
  AODV_RouteError.c
  FIFOBuffer.c
  GeneralPacketProcessing.c
  HelloMessage.c
D:\New\Secure_AODV_Project_v12.1\Secure_AODV_Workspace\src\Simulation\AODV\AODV.c(233,42): warning C4090:  'function': different 'const' qualifiers
  Malicious.c
  RouteMaint.c
  RouteTable.c
  RREP.c
D:\New\Secure_AODV_Project_v12.1\Secure_AODV_Workspace\src\Simulation\AODV\HelloMessage.c(45,47): warning C4244:  '=': conversion from 'double' to 'unsigned int', possible loss of data
  RREQ.c
  RSA.c
  Secure_AODV.c
D:\New\Secure_AODV_Project_v12.1\Secure_AODV_Workspace\src\Simulation\AODV\RREP.c(40,40): warning C4244:  '=': conversion from 'double' to 'unsigned int', possible loss of data
D:\New\Secure_AODV_Project_v12.1\Secure_AODV_Workspace\src\Simulation\AODV\Secure_AODV.c(254,24): warning C4477:  'sprintf' : format string '%c' requires an argument of type 'int', but variadic argument 1 has type 'char *'
D:\New\Secure_AODV_Project_v12.1\Secure_AODV_Workspace\src\Simulation\AODV\Secure_AODV.c(254,24): warning C4313:  'sprintf': '%c' in format string conflicts with argument 1 of type 'char *'
D:\New\Secure_AODV_Project_v12.1\Secure_AODV_Workspace\src\Simulation\AODV\Secure_AODV.c(267,24): warning C4477:  'sprintf' : format string '%s' requires an argument of type 'char *', but variadic argument 3 has type 'NETSIM_IPAddress *'
D:\New\Secure_AODV_Project_v12.1\Secure_AODV_Workspace\src\Simulation\AODV\Secure_AODV.c(267,24): warning C4477:  'sprintf' : format string '%d' requires an argument of type 'int', but variadic argument 4 has type 'unsigned int *'
D:\New\Secure_AODV_Project_v12.1\Secure_AODV_Workspace\src\Simulation\AODV\Secure_AODV.c(267,24): warning C4313:  'sprintf': '%d' in format string conflicts with argument 4 of type 'unsigned int *'
D:\New\Secure_AODV_Project_v12.1\Secure_AODV_Workspace\src\Simulation\AODV\Secure_AODV.c(299,37): warning C4267:  'function': conversion from 'size_t' to 'int', possible loss of data
  Generating Code...
D:\New\Secure_AODV_Project_v12.1\Secure_AODV_Workspace\src\Simulation\AODV\Secure_AODV.c(311,39): warning C4267:  'function': conversion from 'size_t' to 'int', possible loss of data
C:\Program Files (x86)\Microsoft Visual Studio\2019\Community\MSBuild\Microsoft\VC\v160\Microsoft.CppBuild.targets(1264,5): warning MSB8012: TargetPath(D:\New\Secure_AODV_Project_v12.1\Secure_AODV_Workspace\src\Simulation\AODV\..\..\..\bin\bin_x64\AODV.dll) does not match the Linker's OutputFile property value (D:\New\Secure_AODV_Project_v12.1\Secure_AODV_Workspace\bin\bin_x64\libAODV.dll). This may cause your project to build incorrectly. To correct this, please make sure that $(OutDir), $(TargetName) and $(TargetExt) property values match the value specified in %(Link.OutputFile).
C:\Program Files (x86)\Microsoft Visual Studio\2019\Community\MSBuild\Microsoft\VC\v160\Microsoft.CppBuild.targets(1266,5): warning MSB8012: TargetName(AODV) does not match the Linker's OutputFile property value (libAODV). This may cause your project to build incorrectly. To correct this, please make sure that $(OutDir), $(TargetName) and $(TargetExt) property values match the value specified in %(Link.OutputFile).
AODV.obj : warning LNK4075: ignoring '/EDITANDCONTINUE' due to '/INCREMENTAL:NO' specification
  AODV.lib(AODVlib.obj) : MSIL .netmodule or module compiled with /GL found; restarting link with /LTCG; add /LTCG to the link command line to improve linker performance
AODV.obj : warning LNK4075: ignoring '/EDITANDCONTINUE' due to '/INCREMENTAL:NO' specification
     Creating library ..\..\..\bin\bin_x64\AODV.lib and object ..\..\..\bin\bin_x64\AODV.exp
LINK : warning LNK4098: defaultlib 'MSVCRT' conflicts with use of other libs; use /NODEFAULTLIB:library
  Generating code
  Finished generating code
AODV.lib(AODVlib.obj) : warning LNK4099: PDB 'AODVLib.pdb' was not found with 'AODV.lib(AODVlib.obj)' or at 'D:\New\Secure_AODV_Project_v12.1\Secure_AODV_Workspace\bin\bin_x64\AODVLib.pdb'; linking object as if no debug info
List.lib(List.obj) : warning LNK4099: PDB 'List.pdb' was not found with 'List.lib(List.obj)' or at 'D:\New\Secure_AODV_Project_v12.1\Secure_AODV_Workspace\bin\bin_x64\List.pdb'; linking object as if no debug info
  AODV.vcxproj -> D:\New\Secure_AODV_Project_v12.1\Secure_AODV_Workspace\src\Simulation\AODV\..\..\..\bin\bin_x64\AODV.dll
