d:\new\secure_aodv_project_v12.1\secure_aodv_workspace\bin\bin_x64\aodv.lib
d:\new\secure_aodv_project_v12.1\secure_aodv_workspace\bin\bin_x64\aodv.exp
d:\new\secure_aodv_project_v12.1\secure_aodv_workspace\src\simulation\aodv\x64\debug\vc142.pdb
d:\new\secure_aodv_project_v12.1\secure_aodv_workspace\src\simulation\aodv\x64\debug\vc142.idb
d:\new\secure_aodv_project_v12.1\secure_aodv_workspace\src\simulation\aodv\x64\debug\secure_aodv.obj
d:\new\secure_aodv_project_v12.1\secure_aodv_workspace\src\simulation\aodv\x64\debug\rsa.obj
d:\new\secure_aodv_project_v12.1\secure_aodv_workspace\src\simulation\aodv\x64\debug\rreq.obj
d:\new\secure_aodv_project_v12.1\secure_aodv_workspace\src\simulation\aodv\x64\debug\rrep.obj
d:\new\secure_aodv_project_v12.1\secure_aodv_workspace\src\simulation\aodv\x64\debug\routetable.obj
d:\new\secure_aodv_project_v12.1\secure_aodv_workspace\src\simulation\aodv\x64\debug\routemaint.obj
d:\new\secure_aodv_project_v12.1\secure_aodv_workspace\src\simulation\aodv\x64\debug\malicious.obj
d:\new\secure_aodv_project_v12.1\secure_aodv_workspace\src\simulation\aodv\x64\debug\hellomessage.obj
d:\new\secure_aodv_project_v12.1\secure_aodv_workspace\src\simulation\aodv\x64\debug\generalpacketprocessing.obj
d:\new\secure_aodv_project_v12.1\secure_aodv_workspace\src\simulation\aodv\x64\debug\fifobuffer.obj
d:\new\secure_aodv_project_v12.1\secure_aodv_workspace\src\simulation\aodv\x64\debug\aodv_routeerror.obj
d:\new\secure_aodv_project_v12.1\secure_aodv_workspace\src\simulation\aodv\x64\debug\aodv_checkroutefound.obj
d:\new\secure_aodv_project_v12.1\secure_aodv_workspace\src\simulation\aodv\x64\debug\aodv.obj
d:\new\secure_aodv_project_v12.1\secure_aodv_workspace\bin\bin_x64\libaodv.dll
d:\new\secure_aodv_project_v12.1\secure_aodv_workspace\bin\bin_x64\aodv.pdb
d:\new\secure_aodv_project_v12.1\secure_aodv_workspace\src\simulation\aodv\x64\debug\aodv.tlog\aodv.write.1u.tlog
d:\new\secure_aodv_project_v12.1\secure_aodv_workspace\src\simulation\aodv\x64\debug\aodv.tlog\cl.command.1.tlog
d:\new\secure_aodv_project_v12.1\secure_aodv_workspace\src\simulation\aodv\x64\debug\aodv.tlog\cl.read.1.tlog
d:\new\secure_aodv_project_v12.1\secure_aodv_workspace\src\simulation\aodv\x64\debug\aodv.tlog\cl.write.1.tlog
d:\new\secure_aodv_project_v12.1\secure_aodv_workspace\src\simulation\aodv\x64\debug\aodv.tlog\link.command.1.tlog
d:\new\secure_aodv_project_v12.1\secure_aodv_workspace\src\simulation\aodv\x64\debug\aodv.tlog\link.read.1.tlog
d:\new\secure_aodv_project_v12.1\secure_aodv_workspace\src\simulation\aodv\x64\debug\aodv.tlog\link.write.1.tlog
